Unity Editor version:    2020.3.33f1 (915a7af8b0d5)
Branch:                  2020.3/staging
Build type:              Release
Batch mode:              YES
macOS version:           Version 10.14.6 (Build 18G8022)
Darwin version:          18.7.0
Architecture:            x86_64
Running under Rosetta:   NO
Available memory:        8192 MB
Using pre-set license
Pro License: NO

COMMAND LINE ARGUMENTS:
/Volumes/Eddie/Unity/2020.3.33f1/Unity.app/Contents/MacOS/Unity
-adb2
-batchMode
-noUpm
-name
AssetImportWorker0
-projectPath
/Users/kschombe/Desktop/Save-the-CIS-Class/Save-the-CIS-Class
-logFile
Logs/AssetImportWorker0.log
-srvPort
52064
Successfully changed project path to: /Users/kschombe/Desktop/Save-the-CIS-Class/Save-the-CIS-Class
/Users/kschombe/Desktop/Save-the-CIS-Class/Save-the-CIS-Class
Using Asset Import Pipeline V2.
Refreshing native plugins compatible for Editor in 71.71 ms, found 2 plugins.
Preloading 0 native plugins for Editor in 0.00 ms.
Initialize engine version: 2020.3.33f1 (915a7af8b0d5)
[Subsystems] Discovering subsystems at path /Volumes/Eddie/Unity/2020.3.33f1/Unity.app/Contents/Resources/UnitySubsystems
[Subsystems] Discovering subsystems at path /Users/kschombe/Desktop/Save-the-CIS-Class/Save-the-CIS-Class/Assets
GfxDevice: creating device client; threaded=0
2022-04-24 11:58:07.408 Unity[75956:30423821] Sceptre F24 preferred device: Intel(R) UHD Graphics 617 (low power)
2022-04-24 11:58:07.408 Unity[75956:30423821] Metal devices available: 1
2022-04-24 11:58:07.408 Unity[75956:30423821] 0: Intel(R) UHD Graphics 617 (low power)
2022-04-24 11:58:07.411 Unity[75956:30423821] Using device Intel(R) UHD Graphics 617 (low power)
Initializing Metal device caps: Intel(R) UHD Graphics 617
Initialize mono
Mono path[0] = '/Volumes/Eddie/Unity/2020.3.33f1/Unity.app/Contents/Managed'
Mono path[1] = '/Volumes/Eddie/Unity/2020.3.33f1/Unity.app/Contents/MonoBleedingEdge/lib/mono/unityjit'
Mono config path = '/Volumes/Eddie/Unity/2020.3.33f1/Unity.app/Contents/MonoBleedingEdge/etc'
Using monoOptions --debugger-agent=transport=dt_socket,embedding=1,server=y,suspend=n,address=127.0.0.1:56956
Begin MonoManager ReloadAssembly
Registering precompiled unity dll's ...
Register platform support module: /Volumes/Eddie/Unity/2020.3.33f1/PlaybackEngines/WebGLSupport/UnityEditor.WebGL.Extensions.dll
Register platform support module: /Volumes/Eddie/Unity/2020.3.33f1/Unity.app/Contents/PlaybackEngines/MacStandaloneSupport/UnityEditor.OSXStandalone.Extensions.dll
Registered in 0.077704 seconds.
Native extension for OSXStandalone target not found
Native extension for WebGL target not found
Refreshing native plugins compatible for Editor in 49.21 ms, found 2 plugins.
Preloading 0 native plugins for Editor in 0.00 ms.
Mono: successfully reloaded assembly
- Completed reload, in  1.786 seconds
Domain Reload Profiling:
	ReloadAssembly (1787ms)
		BeginReloadAssembly (725ms)
			ExecutionOrderSort (0ms)
			DisableScriptedObjects (0ms)
			BackupInstance (0ms)
			ReleaseScriptingObjects (0ms)
			CreateAndSetChildDomain (2ms)
		EndReloadAssembly (826ms)
			LoadAssemblies (742ms)
			RebuildTransferFunctionScriptingTraits (0ms)
			SetupTypeCache (299ms)
			ReleaseScriptCaches (0ms)
			RebuildScriptCaches (81ms)
			SetupLoadedEditorAssemblies (272ms)
				LogAssemblyErrors (0ms)
				InitializePlatformSupportModulesInManaged (8ms)
				SetLoadedEditorAssemblies (0ms)
				RefreshPlugins (49ms)
				BeforeProcessingInitializeOnLoad (14ms)
				ProcessInitializeOnLoadAttributes (157ms)
				ProcessInitializeOnLoadMethodAttributes (43ms)
				AfterProcessingInitializeOnLoad (0ms)
				EditorAssembliesLoaded (0ms)
			ExecutionOrderSort2 (0ms)
			AwakeInstancesAfterBackupRestoration (0ms)
Platform modules already initialized, skipping
Registering precompiled user dll's ...
Registered in 0.007759 seconds.
Begin MonoManager ReloadAssembly
Symbol file LoadedFromMemory doesn't match image /Users/kschombe/Desktop/Save-the-CIS-Class/Save-the-CIS-Class/Library/PackageCache/com.unity.collab-proxy@1.15.15/Lib/Editor/PlasticSCM/unityplastic.dll
Native extension for OSXStandalone target not found
Native extension for WebGL target not found
Refreshing native plugins compatible for Editor in 80.79 ms, found 2 plugins.
Preloading 0 native plugins for Editor in 0.00 ms.
Mono: successfully reloaded assembly
- Completed reload, in  3.215 seconds
Domain Reload Profiling:
	ReloadAssembly (3216ms)
		BeginReloadAssembly (255ms)
			ExecutionOrderSort (0ms)
			DisableScriptedObjects (7ms)
			BackupInstance (0ms)
			ReleaseScriptingObjects (0ms)
			CreateAndSetChildDomain (54ms)
		EndReloadAssembly (2854ms)
			LoadAssemblies (167ms)
			RebuildTransferFunctionScriptingTraits (0ms)
			SetupTypeCache (1218ms)
			ReleaseScriptCaches (1ms)
			RebuildScriptCaches (105ms)
			SetupLoadedEditorAssemblies (1116ms)
				LogAssemblyErrors (0ms)
				InitializePlatformSupportModulesInManaged (9ms)
				SetLoadedEditorAssemblies (0ms)
				RefreshPlugins (81ms)
				BeforeProcessingInitializeOnLoad (128ms)
				ProcessInitializeOnLoadAttributes (817ms)
				ProcessInitializeOnLoadMethodAttributes (79ms)
				AfterProcessingInitializeOnLoad (1ms)
				EditorAssembliesLoaded (0ms)
			ExecutionOrderSort2 (0ms)
			AwakeInstancesAfterBackupRestoration (12ms)
Platform modules already initialized, skipping
Validating Project structure ... 0.002313 seconds.
Shader import version has changed; will reimport all shaders...
Upgrading shader files ...0.003272 seconds.
Application.AssetDatabase Initial Script Refresh Start
RefreshInfo: InitialScriptRefreshV2(NoUpdateAssetOptions) scanfilter:  ... 1 filters
RefreshProfiler: Total: 0.000ms
Application.AssetDatabase Initial Script Refresh End
Application.AssetDatabase.Refresh Start
Application.AssetDatabase.Refresh End
RefreshInfo: StopAssetImportingV2(ForceSynchronousImport) scanfilter: 
RefreshProfiler: Total: 0.000ms
Launching external process: /Volumes/Eddie/Unity/2020.3.33f1/Unity.app/Contents/Tools/UnityShaderCompiler
Launched and connected shader compiler UnityShaderCompiler after 0.03 seconds
Initializing Unity extensions:
========================================================================
Worker process is ready to serve import requests
Refreshing native plugins compatible for Editor in 0.47 ms, found 2 plugins.
Preloading 0 native plugins for Editor in 0.00 ms.
Unloading 1863 Unused Serialized files (Serialized files now loaded: 0)
System memory in use before: 194.4 MB.
System memory in use after: 193.4 MB.

Unloading 104 unused Assets to reduce memory usage. Loaded Objects now: 2339.
Total: 6.695201 ms (FindLiveObjects: 0.222924 ms CreateObjectMapping: 0.114145 ms MarkObjects: 5.567158 ms  DeleteObjects: 0.789375 ms)

AssetImportParameters requested are different than current active one (requested -> active):
  custom:video-decoder-ogg-theora: a1e56fd34408186e4bbccfd4996cb3dc -> 
  custom:container-muxer-webm: aa71ff27fc2769a1b78a27578f13a17b -> 
  custom:container-demuxer-webm: 4f35f7cbe854078d1ac9338744f61a02 -> 
  custom:container-demuxer-ogg: 62fdf1f143b41e24485cea50d1cbac27 -> 
  custom:video-encoder-webm-vp8: eb34c28f22e8b96e1ab97ce403110664 -> 
  custom:framework-osx-AVFoundation: b23960f63f64bdc6ff669e2cdcee2391 -> 
  custom:video-decoder-webm-vp8: 9c59270c3fd7afecdb556c50c9e8de78 -> 
  custom:audio-decoder-ogg-vorbis: bf7c407c2cedff20999df2af8eb42d56 -> 
  custom:audio-encoder-webm-vorbis: bf7c407c2cedff20999df2af8eb42d56 -> 
========================================================================
Received Import Request.
  path: Assets/AN Interactive Physical Door Pack
  artifactKey: Guid(eb5a8390dcac42d4c96a3dc1e13a5169) Importer(815301076,1909f56bfc062723c751e8b465ee728b)
Start importing Assets/AN Interactive Physical Door Pack using Guid(eb5a8390dcac42d4c96a3dc1e13a5169) Importer(815301076,1909f56bfc062723c751e8b465ee728b)  -> (artifact id: 'c1440f0633e5846f75adedcfbd1583c4') in 0.037565 seconds 
========================================================================
Received Import Request.
  Time since last request: 0.000479 seconds.
  path: Assets/AN Interactive Physical Door Pack/demo.unity
  artifactKey: Guid(1fa5aeedf0015124987c02e0a469abdd) Importer(815301076,1909f56bfc062723c751e8b465ee728b)
Start importing Assets/AN Interactive Physical Door Pack/demo.unity using Guid(1fa5aeedf0015124987c02e0a469abdd) Importer(815301076,1909f56bfc062723c751e8b465ee728b)  -> (artifact id: '0fe42db633878e3b36bdc57f80645bd4') in 0.002134 seconds 
========================================================================
Received Import Request.
  Time since last request: 28.091468 seconds.
  path: Assets/AN Interactive Physical Door Pack/Scripts
  artifactKey: Guid(7e17a1390b29e1e48a71355db4f1b3bf) Importer(815301076,1909f56bfc062723c751e8b465ee728b)
Start importing Assets/AN Interactive Physical Door Pack/Scripts using Guid(7e17a1390b29e1e48a71355db4f1b3bf) Importer(815301076,1909f56bfc062723c751e8b465ee728b)  -> (artifact id: '4cfa508655f88d33ad1209e1d8152e12') in 0.003829 seconds 
========================================================================
Received Prepare
Registering precompiled user dll's ...
Registered in 0.008658 seconds.
Begin MonoManager ReloadAssembly
Symbol file LoadedFromMemory doesn't match image /Users/kschombe/Desktop/Save-the-CIS-Class/Save-the-CIS-Class/Library/PackageCache/com.unity.collab-proxy@1.15.15/Lib/Editor/PlasticSCM/unityplastic.dll
Native extension for OSXStandalone target not found
Native extension for WebGL target not found
Refreshing native plugins compatible for Editor in 0.46 ms, found 2 plugins.
Preloading 0 native plugins for Editor in 0.00 ms.
Mono: successfully reloaded assembly
- Completed reload, in  2.926 seconds
Domain Reload Profiling:
	ReloadAssembly (2929ms)
		BeginReloadAssembly (1341ms)
			ExecutionOrderSort (0ms)
			DisableScriptedObjects (17ms)
			BackupInstance (0ms)
			ReleaseScriptingObjects (0ms)
			CreateAndSetChildDomain (184ms)
		EndReloadAssembly (1490ms)
			LoadAssemblies (1192ms)
			RebuildTransferFunctionScriptingTraits (0ms)
			SetupTypeCache (484ms)
			ReleaseScriptCaches (1ms)
			RebuildScriptCaches (64ms)
			SetupLoadedEditorAssemblies (551ms)
				LogAssemblyErrors (0ms)
				InitializePlatformSupportModulesInManaged (6ms)
				SetLoadedEditorAssemblies (1ms)
				RefreshPlugins (1ms)
				BeforeProcessingInitializeOnLoad (114ms)
				ProcessInitializeOnLoadAttributes (370ms)
				ProcessInitializeOnLoadMethodAttributes (58ms)
				AfterProcessingInitializeOnLoad (1ms)
				EditorAssembliesLoaded (0ms)
			ExecutionOrderSort2 (0ms)
			AwakeInstancesAfterBackupRestoration (12ms)
Platform modules already initialized, skipping
Refreshing native plugins compatible for Editor in 0.65 ms, found 2 plugins.
Preloading 0 native plugins for Editor in 0.00 ms.
Unloading 1855 Unused Serialized files (Serialized files now loaded: 0)
System memory in use before: 194.2 MB.
System memory in use after: 194.4 MB.

Unloading 13 unused Assets to reduce memory usage. Loaded Objects now: 2343.
Total: 5.131414 ms (FindLiveObjects: 0.263095 ms CreateObjectMapping: 0.108988 ms MarkObjects: 4.705083 ms  DeleteObjects: 0.053007 ms)

AssetImportParameters requested are different than current active one (requested -> active):
  custom:video-decoder-ogg-theora: a1e56fd34408186e4bbccfd4996cb3dc -> 
  custom:container-muxer-webm: aa71ff27fc2769a1b78a27578f13a17b -> 
  custom:container-demuxer-webm: 4f35f7cbe854078d1ac9338744f61a02 -> 
  custom:container-demuxer-ogg: 62fdf1f143b41e24485cea50d1cbac27 -> 
  custom:video-encoder-webm-vp8: eb34c28f22e8b96e1ab97ce403110664 -> 
  custom:framework-osx-AVFoundation: b23960f63f64bdc6ff669e2cdcee2391 -> 
  custom:video-decoder-webm-vp8: 9c59270c3fd7afecdb556c50c9e8de78 -> 
  custom:audio-decoder-ogg-vorbis: bf7c407c2cedff20999df2af8eb42d56 -> 
  custom:audio-encoder-webm-vorbis: bf7c407c2cedff20999df2af8eb42d56 -> 
========================================================================
Received Import Request.
  Time since last request: 204.195132 seconds.
  path: Assets/Kevin Iglesias/Basic Motions/Animations/Idles/BasicMotions@Idle01.fbx
  artifactKey: Guid(a3422ad278cd9a94aa3da8e6bff9deea) Importer(815301076,1909f56bfc062723c751e8b465ee728b)
Start importing Assets/Kevin Iglesias/Basic Motions/Animations/Idles/BasicMotions@Idle01.fbx using Guid(a3422ad278cd9a94aa3da8e6bff9deea) Importer(815301076,1909f56bfc062723c751e8b465ee728b)  -> (artifact id: '080c8ea70b9a29d076016a66821895e6') in 0.517361 seconds 
========================================================================
Received Import Request.
  Time since last request: 0.000430 seconds.
  path: Assets/Kevin Iglesias/Basic Motions/Animations/Idles/BasicMotions@Idle02.fbx
  artifactKey: Guid(69d59c13a83a7c74a8cc0607ded391ec) Importer(815301076,1909f56bfc062723c751e8b465ee728b)
Start importing Assets/Kevin Iglesias/Basic Motions/Animations/Idles/BasicMotions@Idle02.fbx using Guid(69d59c13a83a7c74a8cc0607ded391ec) Importer(815301076,1909f56bfc062723c751e8b465ee728b)  -> (artifact id: '3286e9d4783f531d8a832e94e25fc0f1') in 0.026186 seconds 
========================================================================
Received Import Request.
  Time since last request: 63.170284 seconds.
  path: Assets/Crafting Mecanim Animation Pack FREE/Animations/Crafter@Carry-Handoff.FBX
  artifactKey: Guid(5ddce69c55ff9b04886b01d04097b8a4) Importer(815301076,1909f56bfc062723c751e8b465ee728b)
Start importing Assets/Crafting Mecanim Animation Pack FREE/Animations/Crafter@Carry-Handoff.FBX using Guid(5ddce69c55ff9b04886b01d04097b8a4) Importer(815301076,1909f56bfc062723c751e8b465ee728b)  -> (artifact id: '1af49df07ed91257fc13199a626baaa7') in 1.072934 seconds 
========================================================================
Received Import Request.
  Time since last request: 0.000488 seconds.
  path: Assets/Crafting Mecanim Animation Pack FREE/Animations/Crafter@WalkForward.FBX
  artifactKey: Guid(b1951e8b17a834a46b2ddc9785879328) Importer(815301076,1909f56bfc062723c751e8b465ee728b)
Start importing Assets/Crafting Mecanim Animation Pack FREE/Animations/Crafter@WalkForward.FBX using Guid(b1951e8b17a834a46b2ddc9785879328) Importer(815301076,1909f56bfc062723c751e8b465ee728b)  -> (artifact id: '90957f779a13d7aa998a2df389c160e3') in 0.080060 seconds 
========================================================================
Received Import Request.
  Time since last request: 0.000433 seconds.
  path: Assets/Crafting Mecanim Animation Pack FREE/Animations/Crafter@Carry-Pickup.FBX
  artifactKey: Guid(b2a587f4ca04a5b499926144e18c43e3) Importer(815301076,1909f56bfc062723c751e8b465ee728b)
Start importing Assets/Crafting Mecanim Animation Pack FREE/Animations/Crafter@Carry-Pickup.FBX using Guid(b2a587f4ca04a5b499926144e18c43e3) Importer(815301076,1909f56bfc062723c751e8b465ee728b)  -> (artifact id: 'ae40297a06200bd1d8e835f1cf0a2558') in 0.084712 seconds 
========================================================================
Received Import Request.
  Time since last request: 0.000534 seconds.
  path: Assets/Crafting Mecanim Animation Pack FREE/Animations/Crafter@Carry-WalkForward.FBX
  artifactKey: Guid(162153b6daf740d40af9afa52412194b) Importer(815301076,1909f56bfc062723c751e8b465ee728b)
Start importing Assets/Crafting Mecanim Animation Pack FREE/Animations/Crafter@Carry-WalkForward.FBX using Guid(162153b6daf740d40af9afa52412194b) Importer(815301076,1909f56bfc062723c751e8b465ee728b)  -> (artifact id: '3f4880c300fac421b8b156a38accd422') in 0.055023 seconds 
========================================================================
Received Import Request.
  Time since last request: 0.000462 seconds.
  path: Assets/Crafting Mecanim Animation Pack FREE/Animations/Crafter@Carry-Recieve.FBX
  artifactKey: Guid(37ddfaf78534bd2439991ef23e3c19fa) Importer(815301076,1909f56bfc062723c751e8b465ee728b)
Start importing Assets/Crafting Mecanim Animation Pack FREE/Animations/Crafter@Carry-Recieve.FBX using Guid(37ddfaf78534bd2439991ef23e3c19fa) Importer(815301076,1909f56bfc062723c751e8b465ee728b)  -> (artifact id: '148be145ebbee3cbb7dd5f9589c8e142') in 0.059647 seconds 
========================================================================
Received Import Request.
  Time since last request: 0.000476 seconds.
  path: Assets/Crafting Mecanim Animation Pack FREE/Animations/Crafter@Carry-Putdown.FBX
  artifactKey: Guid(58ec9f3e52559b3418389d4b08295d60) Importer(815301076,1909f56bfc062723c751e8b465ee728b)
Start importing Assets/Crafting Mecanim Animation Pack FREE/Animations/Crafter@Carry-Putdown.FBX using Guid(58ec9f3e52559b3418389d4b08295d60) Importer(815301076,1909f56bfc062723c751e8b465ee728b)  -> (artifact id: '2e91eaa031e8edc88149503dbc6a31da') in 0.061395 seconds 
========================================================================
Received Import Request.
  Time since last request: 0.000372 seconds.
  path: Assets/Crafting Mecanim Animation Pack FREE/Animations/Crafter@Carry-Idle.FBX
  artifactKey: Guid(146ee0d9785594246b326dbe93605b19) Importer(815301076,1909f56bfc062723c751e8b465ee728b)
Start importing Assets/Crafting Mecanim Animation Pack FREE/Animations/Crafter@Carry-Idle.FBX using Guid(146ee0d9785594246b326dbe93605b19) Importer(815301076,1909f56bfc062723c751e8b465ee728b)  -> (artifact id: 'dece406f897d5fd5dd532954f220fc7e') in 0.074425 seconds 
========================================================================
Received Import Request.
  Time since last request: 0.000427 seconds.
  path: Assets/Crafting Mecanim Animation Pack FREE/Animations/Crafter@Idle.FBX
  artifactKey: Guid(98ddef338e872ea4c8f247bcd5247a23) Importer(815301076,1909f56bfc062723c751e8b465ee728b)
Start importing Assets/Crafting Mecanim Animation Pack FREE/Animations/Crafter@Idle.FBX using Guid(98ddef338e872ea4c8f247bcd5247a23) Importer(815301076,1909f56bfc062723c751e8b465ee728b)  -> (artifact id: 'afe652d8c54efe0749b0cafeb2ea73ad') in 0.056085 seconds 
========================================================================
Received Import Request.
  Time since last request: 11.848753 seconds.
  path: Assets/Crafting Mecanim Animation Pack FREE/Characters/Crafter FREE.FBX
  artifactKey: Guid(6825cd5362ce80a4e9da414c684b6aeb) Importer(815301076,1909f56bfc062723c751e8b465ee728b)
Start importing Assets/Crafting Mecanim Animation Pack FREE/Characters/Crafter FREE.FBX using Guid(6825cd5362ce80a4e9da414c684b6aeb) Importer(815301076,1909f56bfc062723c751e8b465ee728b)  -> (artifact id: 'ecfa6db489eaa1ed1ac712f65aa2524d') in 0.064074 seconds 
========================================================================
Received Import Request.
  Time since last request: 1104.072849 seconds.
  path: Assets/Test.controller
  artifactKey: Guid(985df28fab2214225b91f44e6b285b83) Importer(815301076,1909f56bfc062723c751e8b465ee728b)
Start importing Assets/Test.controller using Guid(985df28fab2214225b91f44e6b285b83) Importer(815301076,1909f56bfc062723c751e8b465ee728b)  -> (artifact id: '65016e0eae1e45545d395e6f233bb395') in 0.326315 seconds 
========================================================================
Received Prepare
Registering precompiled user dll's ...
Registered in 0.013944 seconds.
Begin MonoManager ReloadAssembly
Symbol file LoadedFromMemory doesn't match image /Users/kschombe/Desktop/Save-the-CIS-Class/Save-the-CIS-Class/Library/PackageCache/com.unity.collab-proxy@1.15.15/Lib/Editor/PlasticSCM/unityplastic.dll
Native extension for OSXStandalone target not found
Native extension for WebGL target not found
Refreshing native plugins compatible for Editor in 0.50 ms, found 2 plugins.
Preloading 0 native plugins for Editor in 0.00 ms.
Mono: successfully reloaded assembly
- Completed reload, in  4.069 seconds
Domain Reload Profiling:
	ReloadAssembly (4073ms)
		BeginReloadAssembly (1495ms)
			ExecutionOrderSort (0ms)
			DisableScriptedObjects (39ms)
			BackupInstance (0ms)
			ReleaseScriptingObjects (1ms)
			CreateAndSetChildDomain (257ms)
		EndReloadAssembly (2380ms)
			LoadAssemblies (904ms)
			RebuildTransferFunctionScriptingTraits (0ms)
			SetupTypeCache (518ms)
			ReleaseScriptCaches (1ms)
			RebuildScriptCaches (64ms)
			SetupLoadedEditorAssemblies (1277ms)
				LogAssemblyErrors (0ms)
				InitializePlatformSupportModulesInManaged (6ms)
				SetLoadedEditorAssemblies (1ms)
				RefreshPlugins (1ms)
				BeforeProcessingInitializeOnLoad (119ms)
				ProcessInitializeOnLoadAttributes (908ms)
				ProcessInitializeOnLoadMethodAttributes (233ms)
				AfterProcessingInitializeOnLoad (4ms)
				EditorAssembliesLoaded (5ms)
			ExecutionOrderSort2 (0ms)
			AwakeInstancesAfterBackupRestoration (28ms)
Platform modules already initialized, skipping
Refreshing native plugins compatible for Editor in 2.52 ms, found 2 plugins.
Preloading 0 native plugins for Editor in 0.00 ms.
Unloading 1855 Unused Serialized files (Serialized files now loaded: 0)
System memory in use before: 221.7 MB.
System memory in use after: 221.8 MB.

Unloading 13 unused Assets to reduce memory usage. Loaded Objects now: 2356.
Total: 7.712771 ms (FindLiveObjects: 0.912570 ms CreateObjectMapping: 0.291745 ms MarkObjects: 6.424364 ms  DeleteObjects: 0.082054 ms)

AssetImportParameters requested are different than current active one (requested -> active):
  custom:video-decoder-ogg-theora: a1e56fd34408186e4bbccfd4996cb3dc -> 
  custom:container-muxer-webm: aa71ff27fc2769a1b78a27578f13a17b -> 
  custom:container-demuxer-webm: 4f35f7cbe854078d1ac9338744f61a02 -> 
  custom:container-demuxer-ogg: 62fdf1f143b41e24485cea50d1cbac27 -> 
  custom:video-encoder-webm-vp8: eb34c28f22e8b96e1ab97ce403110664 -> 
  custom:framework-osx-AVFoundation: b23960f63f64bdc6ff669e2cdcee2391 -> 
  custom:video-decoder-webm-vp8: 9c59270c3fd7afecdb556c50c9e8de78 -> 
  custom:audio-decoder-ogg-vorbis: bf7c407c2cedff20999df2af8eb42d56 -> 
  custom:audio-encoder-webm-vorbis: bf7c407c2cedff20999df2af8eb42d56 -> 
